Determining if the C compiler works failed with the following output:
Change Dir: /Users/lipa/fractalstream/external/llvm-proj/CMakeFiles/CMakeTmp

Run Build Command:/usr/local/bin/cmakexbuild -project CMAKE_TRY_COMPILE.xcodeproj build -target cmTryCompileExec2642544955 -configuration Debug
Error: No developer directory found at /Volumes/Xcode/Xcode45-DP2.app/Contents/Developer. Run /usr/bin/xcode-select to update the developer directory path.


Determining if the include file argz.h exists failed with the following output:
Change Dir: /Users/lipa/fractalstream/external/llvm-proj/CMakeFiles/CMakeTmp

Run Build Command:/usr/local/bin/cmakexbuild -project CMAKE_TRY_COMPILE.xcodeproj build -target cmTryCompileExec2192973116 -configuration Debug
=== BUILD NATIVE TARGET cmTryCompileExec2192973116 OF PROJECT CMAKE_TRY_COMPILE WITH CONFIGURATION Debug ===
Check dependencies

CompileC CMAKE_TRY_COMPILE.build/Debug/cmTryCompileExec2192973116.build/Objects-normal/x86_64/CheckIncludeFile.o CheckIncludeFile.c normal x86_64 c com.apple.compilers.llvm.clang.1_0.compiler
    cd /Users/lipa/fractalstream/external/llvm-proj/CMakeFiles/CMakeTmp
    /Applications/Xcode.app/Contents/Developer/Toolchains/XcodeDefault.xctoolchain/usr/bin/clang -x c -arch x86_64 -fmessage-length=0 -Wno-trigraphs -fpascal-strings -O0 -Wno-missing-field-initializers -Wno-missing-prototypes -Wno-return-type -Wformat -Wno-missing-braces -Wparentheses -Wswitch -Wno-unused-function -Wno-unused-label -Wno-unused-parameter -Wno-unused-variable -Wunused-value -Wno-uninitialized -Wno-unknown-pragmas -Wno-shadow -Wno-four-char-constants -Wno-sign-compare -Wno-shorten-64-to-32 -Wpointer-sign -Wno-newline-eof "-DCMAKE_INTDIR=\"Debug\"" -isysroot /Applications/Xcode.app/Contents/Developer/Platforms/** BUILD FAILED **


The following build commands failed:
	CompileC CMAKE_TRY_COMPILE.build/Debug/cmTryCompileExec2192973116.build/Objects-normal/x86_64/CheckIncludeFile.o CheckIncludeFile.c normal x86_64 c com.apple.compilers.llvm.clang.1_0.compiler
(1 failure)
MacOSX.platform/Developer/SDKs/MacOSX10.7.sdk -fasm-blocks -Wdeprecated-declarations -mmacosx-version-min=10.7 -g -Wno-conversion -Wno-sign-conversion -I/Users/lipa/fractalstream/external/llvm-proj/CMakeFiles/CMakeTmp/Debug/include -I/Users/lipa/fractalstream/external/llvm-proj/CMakeFiles/CMakeTmp/CMAKE_TRY_COMPILE.build/Debug/cmTryCompileExec2192973116.build/DerivedSources/x86_64 -I/Users/lipa/fractalstream/external/llvm-proj/CMakeFiles/CMakeTmp/CMAKE_TRY_COMPILE.build/Debug/cmTryCompileExec2192973116.build/DerivedSources -Wmost -Wno-four-char-constants -Wno-unknown-pragmas -F/Users/lipa/fractalstream/external/llvm-proj/CMakeFiles/CMakeTmp/Debug -MMD -MT dependencies -MF /Users/lipa/fractalstream/external/llvm-proj/CMakeFiles/CMakeTmp/CMAKE_TRY_COMPILE.build/Debug/cmTryCompileExec2192973116.build/Objects-normal/x86_64/CheckIncludeFile.d --serialize-diagnostics /Users/lipa/fractalstream/external/llvm-proj/CMakeFiles/CMakeTmp/CMAKE_TRY_COMPILE.build/Debug/cmTryCompileExec2192973116.build/Objects-normal/x86_64/CheckIncludeFile.dia -c /Users/lipa/fractalstream/external/llvm-proj/CMakeFiles/CMakeTmp/CheckIncludeFile.c -o /Users/lipa/fractalstream/external/llvm-proj/CMakeFiles/CMakeTmp/CMAKE_TRY_COMPILE.build/Debug/cmTryCompileExec2192973116.build/Objects-normal/x86_64/CheckIncludeFile.o
/Users/lipa/fractalstream/external/llvm-proj/CMakeFiles/CMakeTmp/CheckIncludeFile.c:1:10: fatal error: 'argz.h' file not found
#include <argz.h>
         ^
1 error generated.




Determining if the include file dl.h exists failed with the following output:
Change Dir: /Users/lipa/fractalstream/external/llvm-proj/CMakeFiles/CMakeTmp

Run Build Command:/usr/local/bin/cmakexbuild -project CMAKE_TRY_COMPILE.xcodeproj build -target cmTryCompileExec1504087977 -configuration Debug
=== BUILD NATIVE TARGET cmTryCompileExec1504087977 OF PROJECT CMAKE_TRY_COMPILE WITH CONFIGURATION Debug ===
Check dependencies

CompileC CMAKE_TRY_COMPILE.build/Debug/cmTryCompileExec1504087977.build/Objects-normal/x86_64/CheckIncludeFile.o CheckIncludeFile.c normal x86_64 c com.apple.compilers.llvm.clang.1_0.compiler
    cd /Users/lipa/fractalstream/external/llvm-proj/CMakeFiles/CMakeTmp
    /Applications/Xcode.app/Contents/Developer/Toolchains/XcodeDefault.xctoolchain/usr/bin/clang -x c -arch x86_64 -fmessage-length=0 -Wno-trigraphs -fpascal-strings -O0 -Wno-missing-field-initializers -Wno-missing-prototypes -Wno-return-type -Wformat -Wno-missing-braces -Wparentheses -Wswitch -Wno-unused-function -Wno-unused-label -Wno-unused-parameter -Wno-unused-variable -Wunused-value -Wno-uninitialized -Wno-unknown-pragmas -Wno-shadow -Wno-four-char-constants -Wno-sign-compare -Wno-shorten-64-to-32 -Wpointer-sign -Wno-newline-eof "-DCMAKE_INTDIR=\"Debug\"" -isysroot /Applications/Xcode.app/Contents/Developer/Platforms/** BUILD FAILED **


The following build commands failed:
	CompileC CMAKE_TRY_COMPILE.build/Debug/cmTryCompileExec1504087977.build/Objects-normal/x86_64/CheckIncludeFile.o CheckIncludeFile.c normal x86_64 c com.apple.compilers.llvm.clang.1_0.compiler
(1 failure)
MacOSX.platform/Developer/SDKs/MacOSX10.7.sdk -fasm-blocks -Wdeprecated-declarations -mmacosx-version-min=10.7 -g -Wno-conversion -Wno-sign-conversion -I/Users/lipa/fractalstream/external/llvm-proj/CMakeFiles/CMakeTmp/Debug/include -I/Users/lipa/fractalstream/external/llvm-proj/CMakeFiles/CMakeTmp/CMAKE_TRY_COMPILE.build/Debug/cmTryCompileExec1504087977.build/DerivedSources/x86_64 -I/Users/lipa/fractalstream/external/llvm-proj/CMakeFiles/CMakeTmp/CMAKE_TRY_COMPILE.build/Debug/cmTryCompileExec1504087977.build/DerivedSources -Wmost -Wno-four-char-constants -Wno-unknown-pragmas -F/Users/lipa/fractalstream/external/llvm-proj/CMakeFiles/CMakeTmp/Debug -MMD -MT dependencies -MF /Users/lipa/fractalstream/external/llvm-proj/CMakeFiles/CMakeTmp/CMAKE_TRY_COMPILE.build/Debug/cmTryCompileExec1504087977.build/Objects-normal/x86_64/CheckIncludeFile.d --serialize-diagnostics /Users/lipa/fractalstream/external/llvm-proj/CMakeFiles/CMakeTmp/CMAKE_TRY_COMPILE.build/Debug/cmTryCompileExec1504087977.build/Objects-normal/x86_64/CheckIncludeFile.dia -c /Users/lipa/fractalstream/external/llvm-proj/CMakeFiles/CMakeTmp/CheckIncludeFile.c -o /Users/lipa/fractalstream/external/llvm-proj/CMakeFiles/CMakeTmp/CMAKE_TRY_COMPILE.build/Debug/cmTryCompileExec1504087977.build/Objects-normal/x86_64/CheckIncludeFile.o
/Users/lipa/fractalstream/external/llvm-proj/CMakeFiles/CMakeTmp/CheckIncludeFile.c:1:10: fatal error: 'dl.h' file not found
#include <dl.h>
         ^
1 error generated.




Determining if the include file dld.h exists failed with the following output:
Change Dir: /Users/lipa/fractalstream/external/llvm-proj/CMakeFiles/CMakeTmp

Run Build Command:/usr/local/bin/cmakexbuild -project CMAKE_TRY_COMPILE.xcodeproj build -target cmTryCompileExec1390350745 -configuration Debug
=== BUILD NATIVE TARGET cmTryCompileExec1390350745 OF PROJECT CMAKE_TRY_COMPILE WITH CONFIGURATION Debug ===
Check dependencies

CompileC CMAKE_TRY_COMPILE.build/Debug/cmTryCompileExec1390350745.build/Objects-normal/x86_64/CheckIncludeFile.o CheckIncludeFile.c normal x86_64 c com.apple.compilers.llvm.clang.1_0.compiler
    cd /Users/lipa/fractalstream/external/llvm-proj/CMakeFiles/CMakeTmp
    /Applications/Xcode.app/Contents/Developer/Toolchains/XcodeDefault.xctoolchain/usr/bin/clang -x c -arch x86_64 -fmessage-length=0 -Wno-trigraphs -fpascal-strings -O0 -Wno-missing-field-initializers -Wno-missing-prototypes -Wno-return-type -Wformat -Wno-missing-braces -Wparentheses -Wswitch -Wno-unused-function -Wno-unused-label -Wno-unused-parameter -Wno-unused-variable -Wunused-value -Wno-uninitialized -Wno-unknown-pragmas -Wno-shadow -Wno-four-char-constants -Wno-sign-compare -Wno-shorten-64-to-32 -Wpointer-sign -Wno-newline-eof "-DCMAKE_INTDIR=\"Debug\"" -isysroot /Applications/Xcode.app/Contents/Developer/Platforms/** BUILD FAILED **


The following build commands failed:
	CompileC CMAKE_TRY_COMPILE.build/Debug/cmTryCompileExec1390350745.build/Objects-normal/x86_64/CheckIncludeFile.o CheckIncludeFile.c normal x86_64 c com.apple.compilers.llvm.clang.1_0.compiler
(1 failure)
MacOSX.platform/Developer/SDKs/MacOSX10.7.sdk -fasm-blocks -Wdeprecated-declarations -mmacosx-version-min=10.7 -g -Wno-conversion -Wno-sign-conversion -I/Users/lipa/fractalstream/external/llvm-proj/CMakeFiles/CMakeTmp/Debug/include -I/Users/lipa/fractalstream/external/llvm-proj/CMakeFiles/CMakeTmp/CMAKE_TRY_COMPILE.build/Debug/cmTryCompileExec1390350745.build/DerivedSources/x86_64 -I/Users/lipa/fractalstream/external/llvm-proj/CMakeFiles/CMakeTmp/CMAKE_TRY_COMPILE.build/Debug/cmTryCompileExec1390350745.build/DerivedSources -Wmost -Wno-four-char-constants -Wno-unknown-pragmas -F/Users/lipa/fractalstream/external/llvm-proj/CMakeFiles/CMakeTmp/Debug -MMD -MT dependencies -MF /Users/lipa/fractalstream/external/llvm-proj/CMakeFiles/CMakeTmp/CMAKE_TRY_COMPILE.build/Debug/cmTryCompileExec1390350745.build/Objects-normal/x86_64/CheckIncludeFile.d --serialize-diagnostics /Users/lipa/fractalstream/external/llvm-proj/CMakeFiles/CMakeTmp/CMAKE_TRY_COMPILE.build/Debug/cmTryCompileExec1390350745.build/Objects-normal/x86_64/CheckIncludeFile.dia -c /Users/lipa/fractalstream/external/llvm-proj/CMakeFiles/CMakeTmp/CheckIncludeFile.c -o /Users/lipa/fractalstream/external/llvm-proj/CMakeFiles/CMakeTmp/CMAKE_TRY_COMPILE.build/Debug/cmTryCompileExec1390350745.build/Objects-normal/x86_64/CheckIncludeFile.o
/Users/lipa/fractalstream/external/llvm-proj/CMakeFiles/CMakeTmp/CheckIncludeFile.c:1:10: fatal error: 'dld.h' file not found
#include <dld.h>
         ^
1 error generated.




Determining if the include file link.h exists failed with the following output:
Change Dir: /Users/lipa/fractalstream/external/llvm-proj/CMakeFiles/CMakeTmp

Run Build Command:/usr/local/bin/cmakexbuild -project CMAKE_TRY_COMPILE.xcodeproj build -target cmTryCompileExec2048324380 -configuration Debug
=== BUILD NATIVE TARGET cmTryCompileExec2048324380 OF PROJECT CMAKE_TRY_COMPILE WITH CONFIGURATION Debug ===
Check dependencies

CompileC CMAKE_TRY_COMPILE.build/Debug/cmTryCompileExec2048324380.build/Objects-normal/x86_64/CheckIncludeFile.o CheckIncludeFile.c normal x86_64 c com.apple.compilers.llvm.clang.1_0.compiler
    cd /Users/lipa/fractalstream/external/llvm-proj/CMakeFiles/CMakeTmp
    /Applications/Xcode.app/Contents/Developer/Toolchains/XcodeDefault.xctoolchain/usr/bin/clang -x c -arch x86_64 -fmessage-length=0 -Wno-trigraphs -fpascal-strings -O0 -Wno-missing-field-initializers -Wno-missing-prototypes -Wno-return-type -Wformat -Wno-missing-braces -Wparentheses -Wswitch -Wno-unused-function -Wno-unused-label -Wno-unused-parameter -Wno-unused-variable -Wunused-value -Wno-uninitialized -Wno-unknown-pragmas -Wno-shadow -Wno-four-char-constants -Wno-sign-compare -Wno-shorten-64-to-32 -Wpointer-sign -Wno-newline-eof "-DCMAKE_INTDIR=\"Debug\"" -isysroot /Applications/Xcode.app/Contents/Developer/Platforms/** BUILD FAILED **


The following build commands failed:
	CompileC CMAKE_TRY_COMPILE.build/Debug/cmTryCompileExec2048324380.build/Objects-normal/x86_64/CheckIncludeFile.o CheckIncludeFile.c normal x86_64 c com.apple.compilers.llvm.clang.1_0.compiler
(1 failure)
MacOSX.platform/Developer/SDKs/MacOSX10.7.sdk -fasm-blocks -Wdeprecated-declarations -mmacosx-version-min=10.7 -g -Wno-conversion -Wno-sign-conversion -I/Users/lipa/fractalstream/external/llvm-proj/CMakeFiles/CMakeTmp/Debug/include -I/Users/lipa/fractalstream/external/llvm-proj/CMakeFiles/CMakeTmp/CMAKE_TRY_COMPILE.build/Debug/cmTryCompileExec2048324380.build/DerivedSources/x86_64 -I/Users/lipa/fractalstream/external/llvm-proj/CMakeFiles/CMakeTmp/CMAKE_TRY_COMPILE.build/Debug/cmTryCompileExec2048324380.build/DerivedSources -Wmost -Wno-four-char-constants -Wno-unknown-pragmas -F/Users/lipa/fractalstream/external/llvm-proj/CMakeFiles/CMakeTmp/Debug -MMD -MT dependencies -MF /Users/lipa/fractalstream/external/llvm-proj/CMakeFiles/CMakeTmp/CMAKE_TRY_COMPILE.build/Debug/cmTryCompileExec2048324380.build/Objects-normal/x86_64/CheckIncludeFile.d --serialize-diagnostics /Users/lipa/fractalstream/external/llvm-proj/CMakeFiles/CMakeTmp/CMAKE_TRY_COMPILE.build/Debug/cmTryCompileExec2048324380.build/Objects-normal/x86_64/CheckIncludeFile.dia -c /Users/lipa/fractalstream/external/llvm-proj/CMakeFiles/CMakeTmp/CheckIncludeFile.c -o /Users/lipa/fractalstream/external/llvm-proj/CMakeFiles/CMakeTmp/CMAKE_TRY_COMPILE.build/Debug/cmTryCompileExec2048324380.build/Objects-normal/x86_64/CheckIncludeFile.o
/Users/lipa/fractalstream/external/llvm-proj/CMakeFiles/CMakeTmp/CheckIncludeFile.c:1:10: fatal error: 'link.h' file not found
#include <link.h>
         ^
1 error generated.




Determining if the include file malloc.h exists failed with the following output:
Change Dir: /Users/lipa/fractalstream/external/llvm-proj/CMakeFiles/CMakeTmp

Run Build Command:/usr/local/bin/cmakexbuild -project CMAKE_TRY_COMPILE.xcodeproj build -target cmTryCompileExec1469686677 -configuration Debug
=== BUILD NATIVE TARGET cmTryCompileExec1469686677 OF PROJECT CMAKE_TRY_COMPILE WITH CONFIGURATION Debug ===
Check dependencies

CompileC CMAKE_TRY_COMPILE.build/Debug/cmTryCompileExec1469686677.build/Objects-normal/x86_64/CheckIncludeFile.o CheckIncludeFile.c normal x86_64 c com.apple.compilers.llvm.clang.1_0.compiler
    cd /Users/lipa/fractalstream/external/llvm-proj/CMakeFiles/CMakeTmp
    /Applications/Xcode.app/Contents/Developer/Toolchains/XcodeDefault.xctoolchain/usr/bin/clang -x c -arch x86_64 -fmessage-length=0 -Wno-trigraphs -fpascal-strings -O0 -Wno-missing-field-initializers -Wno-missing-prototypes -Wno-return-type -Wformat -Wno-missing-braces -Wparentheses -Wswitch -Wno-unused-function -Wno-unused-label -Wno-unused-parameter -Wno-unused-variable -Wunused-value -Wno-uninitialized -Wno-unknown-pragmas -Wno-shadow -Wno-four-char-constants -Wno-sign-compare -Wno-shorten-64-to-32 -Wpointer-sign -Wno-newline-eof "-DCMAKE_INTDIR=\"Debug\"" -isysroot /Applications/Xcode.app/Contents/Developer/Platforms/** BUILD FAILED **


The following build commands failed:
	CompileC CMAKE_TRY_COMPILE.build/Debug/cmTryCompileExec1469686677.build/Objects-normal/x86_64/CheckIncludeFile.o CheckIncludeFile.c normal x86_64 c com.apple.compilers.llvm.clang.1_0.compiler
(1 failure)
MacOSX.platform/Developer/SDKs/MacOSX10.7.sdk -fasm-blocks -Wdeprecated-declarations -mmacosx-version-min=10.7 -g -Wno-conversion -Wno-sign-conversion -I/Users/lipa/fractalstream/external/llvm-proj/CMakeFiles/CMakeTmp/Debug/include -I/Users/lipa/fractalstream/external/llvm-proj/CMakeFiles/CMakeTmp/CMAKE_TRY_COMPILE.build/Debug/cmTryCompileExec1469686677.build/DerivedSources/x86_64 -I/Users/lipa/fractalstream/external/llvm-proj/CMakeFiles/CMakeTmp/CMAKE_TRY_COMPILE.build/Debug/cmTryCompileExec1469686677.build/DerivedSources -Wmost -Wno-four-char-constants -Wno-unknown-pragmas -F/Users/lipa/fractalstream/external/llvm-proj/CMakeFiles/CMakeTmp/Debug -MMD -MT dependencies -MF /Users/lipa/fractalstream/external/llvm-proj/CMakeFiles/CMakeTmp/CMAKE_TRY_COMPILE.build/Debug/cmTryCompileExec1469686677.build/Objects-normal/x86_64/CheckIncludeFile.d --serialize-diagnostics /Users/lipa/fractalstream/external/llvm-proj/CMakeFiles/CMakeTmp/CMAKE_TRY_COMPILE.build/Debug/cmTryCompileExec1469686677.build/Objects-normal/x86_64/CheckIncludeFile.dia -c /Users/lipa/fractalstream/external/llvm-proj/CMakeFiles/CMakeTmp/CheckIncludeFile.c -o /Users/lipa/fractalstream/external/llvm-proj/CMakeFiles/CMakeTmp/CMAKE_TRY_COMPILE.build/Debug/cmTryCompileExec1469686677.build/Objects-normal/x86_64/CheckIncludeFile.o
/Users/lipa/fractalstream/external/llvm-proj/CMakeFiles/CMakeTmp/CheckIncludeFile.c:1:10: fatal error: 'malloc.h' file not found
#include <malloc.h>
         ^
1 error generated.




Determining if the include file ndir.h exists failed with the following output:
Change Dir: /Users/lipa/fractalstream/external/llvm-proj/CMakeFiles/CMakeTmp

Run Build Command:/usr/local/bin/cmakexbuild -project CMAKE_TRY_COMPILE.xcodeproj build -target cmTryCompileExec2128499585 -configuration Debug
=== BUILD NATIVE TARGET cmTryCompileExec2128499585 OF PROJECT CMAKE_TRY_COMPILE WITH CONFIGURATION Debug ===
Check dependencies

CompileC CMAKE_TRY_COMPILE.build/Debug/cmTryCompileExec2128499585.build/Objects-normal/x86_64/CheckIncludeFile.o CheckIncludeFile.c normal x86_64 c com.apple.compilers.llvm.clang.1_0.compiler
    cd /Users/lipa/fractalstream/external/llvm-proj/CMakeFiles/CMakeTmp
    /Applications/Xcode.app/Contents/Developer/Toolchains/XcodeDefault.xctoolchain/usr/bin/clang -x c -arch x86_64 -fmessage-length=0 -Wno-trigraphs -fpascal-strings -O0 -Wno-missing-field-initializers -Wno-missing-prototypes -Wno-return-type -Wformat -Wno-missing-braces -Wparentheses -Wswitch -Wno-unused-function -Wno-unused-label -Wno-unused-parameter -Wno-unused-variable -Wunused-value -Wno-uninitialized -Wno-unknown-pragmas -Wno-shadow -Wno-four-char-constants -Wno-sign-compare -Wno-shorten-64-to-32 -Wpointer-sign -Wno-newline-eof "-DCMAKE_INTDIR=\"Debug\"" -isysroot /Applications/Xcode.app/Contents/Developer/Platforms/** BUILD FAILED **


The following build commands failed:
	CompileC CMAKE_TRY_COMPILE.build/Debug/cmTryCompileExec2128499585.build/Objects-normal/x86_64/CheckIncludeFile.o CheckIncludeFile.c normal x86_64 c com.apple.compilers.llvm.clang.1_0.compiler
(1 failure)
MacOSX.platform/Developer/SDKs/MacOSX10.7.sdk -fasm-blocks -Wdeprecated-declarations -mmacosx-version-min=10.7 -g -Wno-conversion -Wno-sign-conversion -I/Users/lipa/fractalstream/external/llvm-proj/CMakeFiles/CMakeTmp/Debug/include -I/Users/lipa/fractalstream/external/llvm-proj/CMakeFiles/CMakeTmp/CMAKE_TRY_COMPILE.build/Debug/cmTryCompileExec2128499585.build/DerivedSources/x86_64 -I/Users/lipa/fractalstream/external/llvm-proj/CMakeFiles/CMakeTmp/CMAKE_TRY_COMPILE.build/Debug/cmTryCompileExec2128499585.build/DerivedSources -Wmost -Wno-four-char-constants -Wno-unknown-pragmas -F/Users/lipa/fractalstream/external/llvm-proj/CMakeFiles/CMakeTmp/Debug -MMD -MT dependencies -MF /Users/lipa/fractalstream/external/llvm-proj/CMakeFiles/CMakeTmp/CMAKE_TRY_COMPILE.build/Debug/cmTryCompileExec2128499585.build/Objects-normal/x86_64/CheckIncludeFile.d --serialize-diagnostics /Users/lipa/fractalstream/external/llvm-proj/CMakeFiles/CMakeTmp/CMAKE_TRY_COMPILE.build/Debug/cmTryCompileExec2128499585.build/Objects-normal/x86_64/CheckIncludeFile.dia -c /Users/lipa/fractalstream/external/llvm-proj/CMakeFiles/CMakeTmp/CheckIncludeFile.c -o /Users/lipa/fractalstream/external/llvm-proj/CMakeFiles/CMakeTmp/CMAKE_TRY_COMPILE.build/Debug/cmTryCompileExec2128499585.build/Objects-normal/x86_64/CheckIncludeFile.o
/Users/lipa/fractalstream/external/llvm-proj/CMakeFiles/CMakeTmp/CheckIncludeFile.c:1:10: fatal error: 'ndir.h' file not found
#include <ndir.h>
         ^
1 error generated.




Determining if the include file sys/dl.h exists failed with the following output:
Change Dir: /Users/lipa/fractalstream/external/llvm-proj/CMakeFiles/CMakeTmp

Run Build Command:/usr/local/bin/cmakexbuild -project CMAKE_TRY_COMPILE.xcodeproj build -target cmTryCompileExec3024023117 -configuration Debug
=== BUILD NATIVE TARGET cmTryCompileExec3024023117 OF PROJECT CMAKE_TRY_COMPILE WITH CONFIGURATION Debug ===
Check dependencies

CompileC CMAKE_TRY_COMPILE.build/Debug/cmTryCompileExec3024023117.build/Objects-normal/x86_64/CheckIncludeFile.o CheckIncludeFile.c normal x86_64 c com.apple.compilers.llvm.clang.1_0.compiler
    cd /Users/lipa/fractalstream/external/llvm-proj/CMakeFiles/CMakeTmp
    /Applications/Xcode.app/Contents/Developer/Toolchains/XcodeDefault.xctoolchain/usr/bin/clang -x c -arch x86_64 -fmessage-length=0 -Wno-trigraphs -fpascal-strings -O0 -Wno-missing-field-initializers -Wno-missing-prototypes -Wno-return-type -Wformat -Wno-missing-braces -Wparentheses -Wswitch -Wno-unused-function -Wno-unused-label -Wno-unused-parameter -Wno-unused-variable -Wunused-value -Wno-uninitialized -Wno-unknown-pragmas -Wno-shadow -Wno-four-char-constants -Wno-sign-compare -Wno-shorten-64-to-32 -Wpointer-sign -Wno-newline-eof "-DCMAKE_INTDIR=\"Debug\"" -isysroot /Applications/Xcode.app/Contents/Developer/Platforms/** BUILD FAILED **


The following build commands failed:
MacOSX.platform/Developer/SDKs/MacOSX10.7.sdk -fasm-blocks -Wdeprecated-declarations -mmacosx-version-min=10.7 -g -Wno-conversion -Wno-sign-conversion -I/Users/lipa/fractalstream/external/llvm-proj/CMakeFiles/CMakeTmp/Debug/include -I/Users/lipa/fractalstream/external/llvm-proj/CMakeFiles/CMakeTmp/CMAKE_TRY_COMPILE.build/Debug/cmTryCompileExec3024023117.build/DerivedSources/x86_64 -I/Users/lipa/fractalstream/external/llvm-proj/CMakeFiles/CMakeTmp/CMAKE_TRY_COMPILE.build/Debug/cmTryCompileExec3024023117.build/DerivedSources -Wmost -Wno-four-char-constants -Wno-unknown-pragmas -F/Users/lipa/fractalstream/external/llvm-proj/CMakeFiles/CMakeTmp/Debug -MMD -MT dependencies -MF /Users/lipa/fractalstream/external/llvm-proj/CMakeFiles/CMakeTmp/CMAKE_TRY_COMPILE.build/Debug/cmTryCompileExec3024023117.build/Objects-normal/x86_64/CheckIncludeFile.d --serialize-diagnostics /Users/lipa/fractalstream/external/llvm-proj/CMakeFiles/CMakeTmp/CMAKE_TRY_COMPILE.build/Debug/cmTryCompileExec3024023117.build/Objects-normal/x86_64/	CompileC CMAKE_TRY_COMPILE.build/Debug/cmTryCompileExec3024023117.build/Objects-normal/x86_64/CheckIncludeFile.o CheckIncludeFile.c normal x86_64 c com.apple.compilers.llvm.clang.1_0.compiler
(1 failure)
CheckIncludeFile.dia -c /Users/lipa/fractalstream/external/llvm-proj/CMakeFiles/CMakeTmp/CheckIncludeFile.c -o /Users/lipa/fractalstream/external/llvm-proj/CMakeFiles/CMakeTmp/CMAKE_TRY_COMPILE.build/Debug/cmTryCompileExec3024023117.build/Objects-normal/x86_64/CheckIncludeFile.o
/Users/lipa/fractalstream/external/llvm-proj/CMakeFiles/CMakeTmp/CheckIncludeFile.c:1:10: fatal error: 'sys/dl.h' file not found
#include <sys/dl.h>
         ^
1 error generated.




Determining if the include file sys/ndir.h exists failed with the following output:
Change Dir: /Users/lipa/fractalstream/external/llvm-proj/CMakeFiles/CMakeTmp

Run Build Command:/usr/local/bin/cmakexbuild -project CMAKE_TRY_COMPILE.xcodeproj build -target cmTryCompileExec1370826271 -configuration Debug
=== BUILD NATIVE TARGET cmTryCompileExec1370826271 OF PROJECT CMAKE_TRY_COMPILE WITH CONFIGURATION Debug ===
Check dependencies

CompileC CMAKE_TRY_COMPILE.build/Debug/cmTryCompileExec1370826271.build/Objects-normal/x86_64/CheckIncludeFile.o CheckIncludeFile.c normal x86_64 c com.apple.compilers.llvm.clang.1_0.compiler
    cd /Users/lipa/fractalstream/external/llvm-proj/CMakeFiles/CMakeTmp
    /Applications/Xcode.app/Contents/Developer/Toolchains/XcodeDefault.xctoolchain/usr/bin/clang -x c -arch x86_64 -fmessage-length=0 -Wno-trigraphs -fpascal-strings -O0 -Wno-missing-field-initializers -Wno-missing-prototypes -Wno-return-type -Wformat -Wno-missing-braces -Wparentheses -Wswitch -Wno-unused-function -Wno-unused-label -Wno-unused-parameter -Wno-unused-variable -Wunused-value -Wno-uninitialized -Wno-unknown-pragmas -Wno-shadow -Wno-four-char-constants -Wno-sign-compare -Wno-shorten-64-to-32 -Wpointer-sign -Wno-newline-eof "-DCMAKE_INTDIR=\"Debug\"" -isysroot /Applications/Xcode.app/Contents/Developer/Platforms/** BUILD FAILED **


The following build commands failed:
MacOSX.platform/Developer/SDKs/MacOSX10.7.sdk -fasm-blocks -Wdeprecated-declarations -mmacosx-version-min=10.7 -g -Wno-conversion -Wno-sign-conversion -I/Users/lipa/fractalstream/external/llvm-proj/CMakeFiles/CMakeTmp/Debug/include -I/Users/lipa/fractalstream/external/llvm-proj/CMakeFiles/CMakeTmp/CMAKE_TRY_COMPILE.build/Debug/cmTryCompileExec1370826271.build/DerivedSources/x86_64 -I/Users/lipa/fractalstream/external/llvm-proj/CMakeFiles/CMakeTmp/CMAKE_TRY_COMPILE.build/Debug/cmTryCompileExec1370826271.build/DerivedSources -Wmost -Wno-four-char-constants -Wno-unknown-pragmas -F/Users/lipa/fractalstream/external/llvm-proj/CMakeFiles/CMakeTmp/Debug -MMD -MT dependencies -MF /Users/lipa/fractalstream/external/llvm-proj/CMakeFiles/CMakeTmp/CMAKE_TRY_COMPILE.build/Debug/cmTryCompileExec1370826271.build/Objects-normal/x86_64/CheckIncludeFile.d --serialize-diagnostics /Users/lipa/fractalstream/external/llvm-proj/CMakeFiles/CMakeTmp/CMAKE_TRY_COMPILE.build/Debug/cmTryCompileExec1370826271.build/Objects-normal/x86_64/	CompileC CMAKE_TRY_COMPILE.build/Debug/cmTryCompileExec1370826271.build/Objects-normal/x86_64/CheckIncludeFile.o CheckIncludeFile.c normal x86_64 c com.apple.compilers.llvm.clang.1_0.compiler
(1 failure)
CheckIncludeFile.dia -c /Users/lipa/fractalstream/external/llvm-proj/CMakeFiles/CMakeTmp/CheckIncludeFile.c -o /Users/lipa/fractalstream/external/llvm-proj/CMakeFiles/CMakeTmp/CMAKE_TRY_COMPILE.build/Debug/cmTryCompileExec1370826271.build/Objects-normal/x86_64/CheckIncludeFile.o
/Users/lipa/fractalstream/external/llvm-proj/CMakeFiles/CMakeTmp/CheckIncludeFile.c:1:10: fatal error: 'sys/ndir.h' file not found
#include <sys/ndir.h>
         ^
1 error generated.




Determining if the include file valgrind/valgrind.h exists failed with the following output:
Change Dir: /Users/lipa/fractalstream/external/llvm-proj/CMakeFiles/CMakeTmp

Run Build Command:/usr/local/bin/cmakexbuild -project CMAKE_TRY_COMPILE.xcodeproj build -target cmTryCompileExec2160053142 -configuration Debug
=== BUILD NATIVE TARGET cmTryCompileExec2160053142 OF PROJECT CMAKE_TRY_COMPILE WITH CONFIGURATION Debug ===
Check dependencies

CompileC CMAKE_TRY_COMPILE.build/Debug/cmTryCompileExec2160053142.build/Objects-normal/x86_64/CheckIncludeFile.o CheckIncludeFile.c normal x86_64 c com.apple.compilers.llvm.clang.1_0.compiler
    cd /Users/lipa/fractalstream/external/llvm-proj/CMakeFiles/CMakeTmp
    /Applications/Xcode.app/Contents/Developer/Toolchains/XcodeDefault.xctoolchain/usr/bin/clang -x c -arch x86_64 -fmessage-length=0 -Wno-trigraphs -fpascal-strings -O0 -Wno-missing-field-initializers -Wno-missing-prototypes -Wno-return-type -Wformat -Wno-missing-braces -Wparentheses -Wswitch -Wno-unused-function -Wno-unused-label -Wno-unused-parameter -Wno-unused-variable -Wunused-value -Wno-uninitialized -Wno-unknown-pragmas -Wno-shadow -Wno-four-char-constants -Wno-sign-compare -Wno-shorten-64-to-32 -Wpointer-sign -Wno-newline-eof "-DCMAKE_INTDIR=\"Debug\"" -isysroot /Applications/Xcode.app/Contents/Developer/Platforms/** BUILD FAILED **


The following build commands failed:
	CompileC CMAKE_TRY_COMPILE.build/Debug/cmTryCompileExec2160053142.build/Objects-normal/x86_64/CheckIncludeFile.o CheckIncludeFile.c normal x86_64 c com.apple.compilers.llvm.clang.1_0.compiler
(1 failure)
MacOSX.platform/Developer/SDKs/MacOSX10.7.sdk -fasm-blocks -Wdeprecated-declarations -mmacosx-version-min=10.7 -g -Wno-conversion -Wno-sign-conversion -I/Users/lipa/fractalstream/external/llvm-proj/CMakeFiles/CMakeTmp/Debug/include -I/Users/lipa/fractalstream/external/llvm-proj/CMakeFiles/CMakeTmp/CMAKE_TRY_COMPILE.build/Debug/cmTryCompileExec2160053142.build/DerivedSources/x86_64 -I/Users/lipa/fractalstream/external/llvm-proj/CMakeFiles/CMakeTmp/CMAKE_TRY_COMPILE.build/Debug/cmTryCompileExec2160053142.build/DerivedSources -Wmost -Wno-four-char-constants -Wno-unknown-pragmas -F/Users/lipa/fractalstream/external/llvm-proj/CMakeFiles/CMakeTmp/Debug -MMD -MT dependencies -MF /Users/lipa/fractalstream/external/llvm-proj/CMakeFiles/CMakeTmp/CMAKE_TRY_COMPILE.build/Debug/cmTryCompileExec2160053142.build/Objects-normal/x86_64/CheckIncludeFile.d --serialize-diagnostics /Users/lipa/fractalstream/external/llvm-proj/CMakeFiles/CMakeTmp/CMAKE_TRY_COMPILE.build/Debug/cmTryCompileExec2160053142.build/Objects-normal/x86_64/CheckIncludeFile.dia -c /Users/lipa/fractalstream/external/llvm-proj/CMakeFiles/CMakeTmp/CheckIncludeFile.c -o /Users/lipa/fractalstream/external/llvm-proj/CMakeFiles/CMakeTmp/CMAKE_TRY_COMPILE.build/Debug/cmTryCompileExec2160053142.build/Objects-normal/x86_64/CheckIncludeFile.o
/Users/lipa/fractalstream/external/llvm-proj/CMakeFiles/CMakeTmp/CheckIncludeFile.c:1:10: fatal error: 'valgrind/valgrind.h' file not found
#include <valgrind/valgrind.h>
         ^
1 error generated.




Determining if the include file windows.h exists failed with the following output:
Change Dir: /Users/lipa/fractalstream/external/llvm-proj/CMakeFiles/CMakeTmp

Run Build Command:/usr/local/bin/cmakexbuild -project CMAKE_TRY_COMPILE.xcodeproj build -target cmTryCompileExec2908658568 -configuration Debug
=== BUILD NATIVE TARGET cmTryCompileExec2908658568 OF PROJECT CMAKE_TRY_COMPILE WITH CONFIGURATION Debug ===
Check dependencies

CompileC CMAKE_TRY_COMPILE.build/Debug/cmTryCompileExec2908658568.build/Objects-normal/x86_64/CheckIncludeFile.o CheckIncludeFile.c normal x86_64 c com.apple.compilers.llvm.clang.1_0.compiler
    cd /Users/lipa/fractalstream/external/llvm-proj/CMakeFiles/CMakeTmp
    /Applications/Xcode.app/Contents/Developer/Toolchains/XcodeDefault.xctoolchain/usr/bin/clang -x c -arch x86_64 -fmessage-length=0 -Wno-trigraphs -fpascal-strings -O0 -Wno-missing-field-initializers -Wno-missing-prototypes -Wno-return-type -Wformat -Wno-missing-braces -Wparentheses -Wswitch -Wno-unused-function -Wno-unused-label -Wno-unused-parameter -Wno-unused-variable -Wunused-value -Wno-uninitialized -Wno-unknown-pragmas -Wno-shadow -Wno-four-char-constants -Wno-sign-compare -Wno-shorten-64-to-32 -Wpointer-sign -Wno-newline-eof "-DCMAKE_INTDIR=\"Debug\"" -isysroot /Applications/Xcode.app/Contents/Developer/Platforms/** BUILD FAILED **


The following build commands failed:
	CompileC CMAKE_TRY_COMPILE.build/Debug/cmTryCompileExec2908658568.build/Objects-normal/x86_64/CheckIncludeFile.o CheckIncludeFile.c normal x86_64 c com.apple.compilers.llvm.clang.1_0.compiler
(1 failure)
MacOSX.platform/Developer/SDKs/MacOSX10.7.sdk -fasm-blocks -Wdeprecated-declarations -mmacosx-version-min=10.7 -g -Wno-conversion -Wno-sign-conversion -I/Users/lipa/fractalstream/external/llvm-proj/CMakeFiles/CMakeTmp/Debug/include -I/Users/lipa/fractalstream/external/llvm-proj/CMakeFiles/CMakeTmp/CMAKE_TRY_COMPILE.build/Debug/cmTryCompileExec2908658568.build/DerivedSources/x86_64 -I/Users/lipa/fractalstream/external/llvm-proj/CMakeFiles/CMakeTmp/CMAKE_TRY_COMPILE.build/Debug/cmTryCompileExec2908658568.build/DerivedSources -Wmost -Wno-four-char-constants -Wno-unknown-pragmas -F/Users/lipa/fractalstream/external/llvm-proj/CMakeFiles/CMakeTmp/Debug -MMD -MT dependencies -MF /Users/lipa/fractalstream/external/llvm-proj/CMakeFiles/CMakeTmp/CMAKE_TRY_COMPILE.build/Debug/cmTryCompileExec2908658568.build/Objects-normal/x86_64/CheckIncludeFile.d --serialize-diagnostics /Users/lipa/fractalstream/external/llvm-proj/CMakeFiles/CMakeTmp/CMAKE_TRY_COMPILE.build/Debug/cmTryCompileExec2908658568.build/Objects-normal/x86_64/CheckIncludeFile.dia -c /Users/lipa/fractalstream/external/llvm-proj/CMakeFiles/CMakeTmp/CheckIncludeFile.c -o /Users/lipa/fractalstream/external/llvm-proj/CMakeFiles/CMakeTmp/CMAKE_TRY_COMPILE.build/Debug/cmTryCompileExec2908658568.build/Objects-normal/x86_64/CheckIncludeFile.o
/Users/lipa/fractalstream/external/llvm-proj/CMakeFiles/CMakeTmp/CheckIncludeFile.c:1:10: fatal error: 'windows.h' file not found
#include <windows.h>
         ^
1 error generated.




Determining if the isinf exist failed with the following output:
Change Dir: /Users/lipa/fractalstream/external/llvm-proj/CMakeFiles/CMakeTmp

Run Build Command:/usr/local/bin/cmakexbuild -project CMAKE_TRY_COMPILE.xcodeproj build -target cmTryCompileExec3191159275 -configuration Debug
=== BUILD NATIVE TARGET cmTryCompileExec3191159275 OF PROJECT CMAKE_TRY_COMPILE WITH CONFIGURATION Debug ===
Check dependencies

CompileC CMAKE_TRY_COMPILE.build/Debug/cmTryCompileExec3191159275.build/Objects-normal/x86_64/CheckSymbolExists.o CheckSymbolExists.c normal x86_64 c com.apple.compilers.llvm.clang.1_0.compiler
    cd /Users/lipa/fractalstream/external/llvm-proj/CMakeFiles/CMakeTmp
    /Applications/Xcode.app/Contents/Developer/Toolchains/XcodeDefault.xctoolchain/usr/bin/clang -x c -arch x86_64 -fmessage-length=0 -Wno-trigraphs -fpascal-strings -O0 -Wno-missing-field-initializers -Wno-missing-prototypes -Wno-return-type -Wformat -Wno-missing-braces -Wparentheses -Wswitch -Wno-unused-function -Wno-unused-label -Wno-unused-parameter -Wno-unused-variable -Wunused-value -Wno-uninitialized -Wno-unknown-pragmas -Wno-shadow -Wno-four-char-constants -Wno-sign-compare -Wno-shorten-64-to-32 -Wpointer-sign -Wno-newline-eof "-DCMAKE_INTDIR=\"Debug\"" -isysroot /Applications/Xcode.app/Contents/Developer/Platform** BUILD FAILED **


The following build commands failed:
	CompileC CMAKE_TRY_COMPILE.build/Debug/cmTryCompileExec3191159275.build/Objects-normal/x86_64/CheckSymbolExists.o CheckSymbolExists.c normal x86_64 c com.apple.compilers.llvm.clang.1_0.compiler
(1 failure)
s/MacOSX.platform/Developer/SDKs/MacOSX10.7.sdk -fasm-blocks -Wdeprecated-declarations -mmacosx-version-min=10.7 -g -Wno-conversion -Wno-sign-conversion -I/Users/lipa/fractalstream/external/llvm-proj/CMakeFiles/CMakeTmp/Debug/include -I/Users/lipa/fractalstream/external/llvm-proj/CMakeFiles/CMakeTmp/CMAKE_TRY_COMPILE.build/Debug/cmTryCompileExec3191159275.build/DerivedSources/x86_64 -I/Users/lipa/fractalstream/external/llvm-proj/CMakeFiles/CMakeTmp/CMAKE_TRY_COMPILE.build/Debug/cmTryCompileExec3191159275.build/DerivedSources -Wmost -Wno-four-char-constants -Wno-unknown-pragmas -F/Users/lipa/fractalstream/external/llvm-proj/CMakeFiles/CMakeTmp/Debug -MMD -MT dependencies -MF /Users/lipa/fractalstream/external/llvm-proj/CMakeFiles/CMakeTmp/CMAKE_TRY_COMPILE.build/Debug/cmTryCompileExec3191159275.build/Objects-normal/x86_64/CheckSymbolExists.d --serialize-diagnostics /Users/lipa/fractalstream/external/llvm-proj/CMakeFiles/CMakeTmp/CMAKE_TRY_COMPILE.build/Debug/cmTryCompileExec3191159275.build/Objects-normal/x86_64/CheckSymbolExists.dia -c /Users/lipa/fractalstream/external/llvm-proj/CMakeFiles/CMakeTmp/CheckSymbolExists.c -o /Users/lipa/fractalstream/external/llvm-proj/CMakeFiles/CMakeTmp/CMAKE_TRY_COMPILE.build/Debug/cmTryCompileExec3191159275.build/Objects-normal/x86_64/CheckSymbolExists.o
/Users/lipa/fractalstream/external/llvm-proj/CMakeFiles/CMakeTmp/CheckSymbolExists.c:2:10: fatal error: 'cmath' file not found
#include <cmath>
         ^
1 error generated.



File /Users/lipa/fractalstream/external/llvm-proj/CMakeFiles/CMakeTmp/CheckSymbolExists.c:
/* */
#include <cmath>

int main(int argc, char** argv)
{
  (void)argv;
#ifndef isinf
  return ((int*)(&isinf))[argc];
#else
  (void)argc;
  return 0;
#endif
}

Determining if the finite exist failed with the following output:
Change Dir: /Users/lipa/fractalstream/external/llvm-proj/CMakeFiles/CMakeTmp

Run Build Command:/usr/local/bin/cmakexbuild -project CMAKE_TRY_COMPILE.xcodeproj build -target cmTryCompileExec792677918 -configuration Debug
=== BUILD NATIVE TARGET cmTryCompileExec792677918 OF PROJECT CMAKE_TRY_COMPILE WITH CONFIGURATION Debug ===
Check dependencies

CompileC CMAKE_TRY_COMPILE.build/Debug/cmTryCompileExec792677918.build/Objects-normal/x86_64/CheckSymbolExists.o CheckSymbolExists.c normal x86_64 c com.apple.compilers.llvm.clang.1_0.compiler
    cd /Users/lipa/fractalstream/external/llvm-proj/CMakeFiles/CMakeTmp
    /Applications/Xcode.app/Contents/Developer/Toolchains/XcodeDefault.xctoolchain/usr/bin/clang -x c -arch x86_64 -fmessage-length=0 -Wno-trigraphs -fpascal-strings -O0 -Wno-missing-field-initializers -Wno-missing-prototypes -Wno-return-type -Wformat -Wno-missing-braces -Wparentheses -Wswitch -Wno-unused-function -Wno-unused-label -Wno-unused-parameter -Wno-unused-variable -Wunused-value -Wno-uninitialized -Wno-unknown-pragmas -Wno-shadow -Wno-four-char-constants -Wno-sign-compare -Wno-shorten-64-to-32 -Wpointer-sign -Wno-newline-eof "-DCMAKE_INTDIR=\"Debug\"" -isysroot /Applications/Xcode.app/Contents/Developer/Platforms/** BUILD FAILED **


The following build commands failed:
	CompileC CMAKE_TRY_COMPILE.build/Debug/cmTryCompileExec792677918.build/Objects-normal/x86_64/CheckSymbolExists.o CheckSymbolExists.c normal x86_64 c com.apple.compilers.llvm.clang.1_0.compiler
(1 failure)
MacOSX.platform/Developer/SDKs/MacOSX10.7.sdk -fasm-blocks -Wdeprecated-declarations -mmacosx-version-min=10.7 -g -Wno-conversion -Wno-sign-conversion -I/Users/lipa/fractalstream/external/llvm-proj/CMakeFiles/CMakeTmp/Debug/include -I/Users/lipa/fractalstream/external/llvm-proj/CMakeFiles/CMakeTmp/CMAKE_TRY_COMPILE.build/Debug/cmTryCompileExec792677918.build/DerivedSources/x86_64 -I/Users/lipa/fractalstream/external/llvm-proj/CMakeFiles/CMakeTmp/CMAKE_TRY_COMPILE.build/Debug/cmTryCompileExec792677918.build/DerivedSources -Wmost -Wno-four-char-constants -Wno-unknown-pragmas -F/Users/lipa/fractalstream/external/llvm-proj/CMakeFiles/CMakeTmp/Debug -MMD -MT dependencies -MF /Users/lipa/fractalstream/external/llvm-proj/CMakeFiles/CMakeTmp/CMAKE_TRY_COMPILE.build/Debug/cmTryCompileExec792677918.build/Objects-normal/x86_64/CheckSymbolExists.d --serialize-diagnostics /Users/lipa/fractalstream/external/llvm-proj/CMakeFiles/CMakeTmp/CMAKE_TRY_COMPILE.build/Debug/cmTryCompileExec792677918.build/Objects-normal/x86_64/CheckSymbolExists.dia -c /Users/lipa/fractalstream/external/llvm-proj/CMakeFiles/CMakeTmp/CheckSymbolExists.c -o /Users/lipa/fractalstream/external/llvm-proj/CMakeFiles/CMakeTmp/CMAKE_TRY_COMPILE.build/Debug/cmTryCompileExec792677918.build/Objects-normal/x86_64/CheckSymbolExists.o
/Users/lipa/fractalstream/external/llvm-proj/CMakeFiles/CMakeTmp/CheckSymbolExists.c:2:10: fatal error: 'ieeefp.h' file not found
#include <ieeefp.h>
         ^
1 error generated.



File /Users/lipa/fractalstream/external/llvm-proj/CMakeFiles/CMakeTmp/CheckSymbolExists.c:
/* */
#include <ieeefp.h>

int main(int argc, char** argv)
{
  (void)argv;
#ifndef finite
  return ((int*)(&finite))[argc];
#else
  (void)argc;
  return 0;
#endif
}

Determining if the isnan exist failed with the following output:
Change Dir: /Users/lipa/fractalstream/external/llvm-proj/CMakeFiles/CMakeTmp

Run Build Command:/usr/local/bin/cmakexbuild -project CMAKE_TRY_COMPILE.xcodeproj build -target cmTryCompileExec1172258822 -configuration Debug
=== BUILD NATIVE TARGET cmTryCompileExec1172258822 OF PROJECT CMAKE_TRY_COMPILE WITH CONFIGURATION Debug ===
Check dependencies

CompileC CMAKE_TRY_COMPILE.build/Debug/cmTryCompileExec1172258822.build/Objects-normal/x86_64/CheckSymbolExists.o CheckSymbolExists.c normal x86_64 c com.apple.compilers.llvm.clang.1_0.compiler
    cd /Users/lipa/fractalstream/external/llvm-proj/CMakeFiles/CMakeTmp
    /Applications/Xcode.app/Contents/Developer/Toolchains/XcodeDefault.xctoolchain/usr/bin/clang -x c -arch x86_64 -fmessage-length=0 -Wno-trigraphs -fpascal-strings -O0 -Wno-missing-field-initializers -Wno-missing-prototypes -Wno-return-type -Wformat -Wno-missing-braces -Wparentheses -Wswitch -Wno-unused-function -Wno-unused-label -Wno-unused-parameter -Wno-unused-variable -Wunused-value -Wno-uninitialized -Wno-unknown-pragmas -Wno-shadow -Wno-four-char-constants -Wno-sign-compare -Wno-shorten-64-to-32 -Wpointer-sign -Wno-newline-eof "-DCMAKE_INTDIR=\"Debug\"" -isysroot /Applications/Xcode.app/Contents/Developer/Platform** BUILD FAILED **


The following build commands failed:
	CompileC CMAKE_TRY_COMPILE.build/Debug/cmTryCompileExec1172258822.build/Objects-normal/x86_64/CheckSymbolExists.o CheckSymbolExists.c normal x86_64 c com.apple.compilers.llvm.clang.1_0.compiler
(1 failure)
s/MacOSX.platform/Developer/SDKs/MacOSX10.7.sdk -fasm-blocks -Wdeprecated-declarations -mmacosx-version-min=10.7 -g -Wno-conversion -Wno-sign-conversion -I/Users/lipa/fractalstream/external/llvm-proj/CMakeFiles/CMakeTmp/Debug/include -I/Users/lipa/fractalstream/external/llvm-proj/CMakeFiles/CMakeTmp/CMAKE_TRY_COMPILE.build/Debug/cmTryCompileExec1172258822.build/DerivedSources/x86_64 -I/Users/lipa/fractalstream/external/llvm-proj/CMakeFiles/CMakeTmp/CMAKE_TRY_COMPILE.build/Debug/cmTryCompileExec1172258822.build/DerivedSources -Wmost -Wno-four-char-constants -Wno-unknown-pragmas -F/Users/lipa/fractalstream/external/llvm-proj/CMakeFiles/CMakeTmp/Debug -MMD -MT dependencies -MF /Users/lipa/fractalstream/external/llvm-proj/CMakeFiles/CMakeTmp/CMAKE_TRY_COMPILE.build/Debug/cmTryCompileExec1172258822.build/Objects-normal/x86_64/CheckSymbolExists.d --serialize-diagnostics /Users/lipa/fractalstream/external/llvm-proj/CMakeFiles/CMakeTmp/CMAKE_TRY_COMPILE.build/Debug/cmTryCompileExec1172258822.build/Objects-normal/x86_64/CheckSymbolExists.dia -c /Users/lipa/fractalstream/external/llvm-proj/CMakeFiles/CMakeTmp/CheckSymbolExists.c -o /Users/lipa/fractalstream/external/llvm-proj/CMakeFiles/CMakeTmp/CMAKE_TRY_COMPILE.build/Debug/cmTryCompileExec1172258822.build/Objects-normal/x86_64/CheckSymbolExists.o
/Users/lipa/fractalstream/external/llvm-proj/CMakeFiles/CMakeTmp/CheckSymbolExists.c:2:10: fatal error: 'cmath' file not found
#include <cmath>
         ^
1 error generated.



File /Users/lipa/fractalstream/external/llvm-proj/CMakeFiles/CMakeTmp/CheckSymbolExists.c:
/* */
#include <cmath>

int main(int argc, char** argv)
{
  (void)argv;
#ifndef isnan
  return ((int*)(&isnan))[argc];
#else
  (void)argc;
  return 0;
#endif
}

Determining if the mallinfo exist failed with the following output:
Change Dir: /Users/lipa/fractalstream/external/llvm-proj/CMakeFiles/CMakeTmp

Run Build Command:/usr/local/bin/cmakexbuild -project CMAKE_TRY_COMPILE.xcodeproj build -target cmTryCompileExec1519591594 -configuration Debug
=== BUILD NATIVE TARGET cmTryCompileExec1519591594 OF PROJECT CMAKE_TRY_COMPILE WITH CONFIGURATION Debug ===
Check dependencies

CompileC CMAKE_TRY_COMPILE.build/Debug/cmTryCompileExec1519591594.build/Objects-normal/x86_64/CheckSymbolExists.o CheckSymbolExists.c normal x86_64 c com.apple.compilers.llvm.clang.1_0.compiler
    cd /Users/lipa/fractalstream/external/llvm-proj/CMakeFiles/CMakeTmp
    /Applications/Xcode.app/Contents/Developer/Toolchains/XcodeDefault.xctoolchain/usr/bin/clang -x c -arch x86_64 -fmessage-length=0 -Wno-trigraphs -fpascal-strings -O0 -Wno-missing-field-initializers -Wno-missing-prototypes -Wno-return-type -Wformat -Wno-missing-braces -Wparentheses -Wswitch -Wno-unused-function -Wno-unused-label -Wno-unused-parameter -Wno-unused-variable -Wunused-value -Wno-uninitialized -Wno-unknown-pragmas -Wno-shadow -Wno-four-char-constants -Wno-sign-compare -Wno-shorten-64-to-32 -Wpointer-sign -Wno-newline-eof "-DCMAKE_INTDIR=\"Debug\"" -isysroot /Applications/Xcode.app/Contents/Developer/Platform** BUILD FAILED **


The following build commands failed:
	CompileC CMAKE_TRY_COMPILE.build/Debug/cmTryCompileExec1519591594.build/Objects-normal/x86_64/CheckSymbolExists.o CheckSymbolExists.c normal x86_64 c com.apple.compilers.llvm.clang.1_0.compiler
(1 failure)
s/MacOSX.platform/Developer/SDKs/MacOSX10.7.sdk -fasm-blocks -Wdeprecated-declarations -mmacosx-version-min=10.7 -g -Wno-conversion -Wno-sign-conversion -I/Users/lipa/fractalstream/external/llvm-proj/CMakeFiles/CMakeTmp/Debug/include -I/Users/lipa/fractalstream/external/llvm-proj/CMakeFiles/CMakeTmp/CMAKE_TRY_COMPILE.build/Debug/cmTryCompileExec1519591594.build/DerivedSources/x86_64 -I/Users/lipa/fractalstream/external/llvm-proj/CMakeFiles/CMakeTmp/CMAKE_TRY_COMPILE.build/Debug/cmTryCompileExec1519591594.build/DerivedSources -Wmost -Wno-four-char-constants -Wno-unknown-pragmas -F/Users/lipa/fractalstream/external/llvm-proj/CMakeFiles/CMakeTmp/Debug -MMD -MT dependencies -MF /Users/lipa/fractalstream/external/llvm-proj/CMakeFiles/CMakeTmp/CMAKE_TRY_COMPILE.build/Debug/cmTryCompileExec1519591594.build/Objects-normal/x86_64/CheckSymbolExists.d --serialize-diagnostics /Users/lipa/fractalstream/external/llvm-proj/CMakeFiles/CMakeTmp/CMAKE_TRY_COMPILE.build/Debug/cmTryCompileExec1519591594.build/Objects-normal/x86_64/CheckSymbolExists.dia -c /Users/lipa/fractalstream/external/llvm-proj/CMakeFiles/CMakeTmp/CheckSymbolExists.c -o /Users/lipa/fractalstream/external/llvm-proj/CMakeFiles/CMakeTmp/CMAKE_TRY_COMPILE.build/Debug/cmTryCompileExec1519591594.build/Objects-normal/x86_64/CheckSymbolExists.o
/Users/lipa/fractalstream/external/llvm-proj/CMakeFiles/CMakeTmp/CheckSymbolExists.c:2:10: fatal error: 'malloc.h' file not found
#include <malloc.h>
         ^
1 error generated.



File /Users/lipa/fractalstream/external/llvm-proj/CMakeFiles/CMakeTmp/CheckSymbolExists.c:
/* */
#include <malloc.h>

int main(int argc, char** argv)
{
  (void)argv;
#ifndef mallinfo
  return ((int*)(&mallinfo))[argc];
#else
  (void)argc;
  return 0;
#endif
}

Determining if the strerror_s exist failed with the following output:
Change Dir: /Users/lipa/fractalstream/external/llvm-proj/CMakeFiles/CMakeTmp

Run Build Command:/usr/local/bin/cmakexbuild -project CMAKE_TRY_COMPILE.xcodeproj build -target cmTryCompileExec2336054630 -configuration Debug
=== BUILD NATIVE TARGET cmTryCompileExec2336054630 OF PROJECT CMAKE_TRY_COMPILE WITH CONFIGURATION Debug ===
Check dependencies

CompileC CMAKE_TRY_COMPILE.build/Debug/cmTryCompileExec2336054630.build/Objects-normal/x86_64/CheckSymbolExists.o CheckSymbolExists.c normal x86_64 c com.apple.compilers.llvm.clang.1_0.compiler
    cd /Users/lipa/fractalstream/external/llvm-proj/CMakeFiles/CMakeTmp
    /Applications/Xcode.app/Contents/Developer/Toolchains/XcodeDefault.xctoolchain/usr/bin/clang -x c -arch x86_64 -fmessage-length=0 -Wno-trigraphs -fpascal-strings -O0 -Wno-missing-field-initializers -Wno-missing-prototypes -Wno-return-type -Wformat -Wno-missing-braces -Wparentheses -Wswitch -Wno-unused-function -Wno-unused-label -Wno-unused-parameter -Wno-unused-variable -Wunused-value -Wno-uninitialized -Wno-unknown-pragmas -Wno-shadow -Wno-four-char-constants -Wno-sign-compare -Wno-shorten-64-to-32 -Wpointer-sign -Wno-newline-eof "-DCMAKE_INTDIR=\"Debug\"" -isysroot /Applications/Xcode.app/Contents/Developer/Platform** BUILD FAILED **


The following build commands failed:
	CompileC CMAKE_TRY_COMPILE.build/Debug/cmTryCompileExec2336054630.build/Objects-normal/x86_64/CheckSymbolExists.o CheckSymbolExists.c normal x86_64 c com.apple.compilers.llvm.clang.1_0.compiler
(1 failure)
s/MacOSX.platform/Developer/SDKs/MacOSX10.7.sdk -fasm-blocks -Wdeprecated-declarations -mmacosx-version-min=10.7 -g -Wno-conversion -Wno-sign-conversion -I/Users/lipa/fractalstream/external/llvm-proj/CMakeFiles/CMakeTmp/Debug/include -I/Users/lipa/fractalstream/external/llvm-proj/CMakeFiles/CMakeTmp/CMAKE_TRY_COMPILE.build/Debug/cmTryCompileExec2336054630.build/DerivedSources/x86_64 -I/Users/lipa/fractalstream/external/llvm-proj/CMakeFiles/CMakeTmp/CMAKE_TRY_COMPILE.build/Debug/cmTryCompileExec2336054630.build/DerivedSources -Wmost -Wno-four-char-constants -Wno-unknown-pragmas -F/Users/lipa/fractalstream/external/llvm-proj/CMakeFiles/CMakeTmp/Debug -MMD -MT dependencies -MF /Users/lipa/fractalstream/external/llvm-proj/CMakeFiles/CMakeTmp/CMAKE_TRY_COMPILE.build/Debug/cmTryCompileExec2336054630.build/Objects-normal/x86_64/CheckSymbolExists.d --serialize-diagnostics /Users/lipa/fractalstream/external/llvm-proj/CMakeFiles/CMakeTmp/CMAKE_TRY_COMPILE.build/Debug/cmTryCompileExec2336054630.build/Objects-normal/x86_64/CheckSymbolExists.dia -c /Users/lipa/fractalstream/external/llvm-proj/CMakeFiles/CMakeTmp/CheckSymbolExists.c -o /Users/lipa/fractalstream/external/llvm-proj/CMakeFiles/CMakeTmp/CMAKE_TRY_COMPILE.build/Debug/cmTryCompileExec2336054630.build/Objects-normal/x86_64/CheckSymbolExists.o
/Users/lipa/fractalstream/external/llvm-proj/CMakeFiles/CMakeTmp/CheckSymbolExists.c:8:19: error: use of undeclared identifier 'strerror_s'; did you mean 'strerror_r'?
  return ((int*)(&strerror_s))[argc];
                  ^~~~~~~~~~
                  strerror_r
/Applications/Xcode.app/Contents/Developer/Platforms/MacOSX.platform/Developer/SDKs/MacOSX10.7.sdk/usr/include/string.h:126:6: note: 'strerror_r' declared here
int      strerror_r(int, char *, size_t);
         ^
1 error generated.



File /Users/lipa/fractalstream/external/llvm-proj/CMakeFiles/CMakeTmp/CheckSymbolExists.c:
/* */
#include <string.h>

int main(int argc, char** argv)
{
  (void)argv;
#ifndef strerror_s
  return ((int*)(&strerror_s))[argc];
#else
  (void)argc;
  return 0;
#endif
}

Determining if the __GLIBC__ exist failed with the following output:
Change Dir: /Users/lipa/fractalstream/external/llvm-proj/CMakeFiles/CMakeTmp

Run Build Command:/usr/local/bin/cmakexbuild -project CMAKE_TRY_COMPILE.xcodeproj build -target cmTryCompileExec1588470241 -configuration Debug
=== BUILD NATIVE TARGET cmTryCompileExec1588470241 OF PROJECT CMAKE_TRY_COMPILE WITH CONFIGURATION Debug ===
Check dependencies

CompileC CMAKE_TRY_COMPILE.build/Debug/cmTryCompileExec1588470241.build/Objects-normal/x86_64/CheckSymbolExists.o CheckSymbolExists.c normal x86_64 c com.apple.compilers.llvm.clang.1_0.compiler
    cd /Users/lipa/fractalstream/external/llvm-proj/CMakeFiles/CMakeTmp
    /Applications/Xcode.app/Contents/Developer/Toolchains/XcodeDefault.xctoolchain/usr/bin/clang -x c -arch x86_64 -fmessage-length=0 -Wno-trigraphs -fpascal-strings -O0 -Wno-missing-field-initializers -Wno-missing-prototypes -Wno-return-type -Wformat -Wno-missing-braces -Wparentheses -Wswitch -Wno-unused-function -Wno-unused-label -Wno-unused-parameter -Wno-unused-variable -Wunused-value -Wno-uninitialized -Wno-unknown-pragmas -Wno-shadow -Wno-four-char-constants -Wno-sign-compare -Wno-shorten-64-to-32 -Wpointer-sign -Wno-newline-eof "-DCMAKE_INTDIR=\"Debug\"" -isysroot /Applications/Xcode.app/Contents/Developer/Platform** BUILD FAILED **


The following build commands failed:
	CompileC CMAKE_TRY_COMPILE.build/Debug/cmTryCompileExec1588470241.build/Objects-normal/x86_64/CheckSymbolExists.o CheckSymbolExists.c normal x86_64 c com.apple.compilers.llvm.clang.1_0.compiler
(1 failure)
s/MacOSX.platform/Developer/SDKs/MacOSX10.7.sdk -fasm-blocks -Wdeprecated-declarations -mmacosx-version-min=10.7 -g -Wno-conversion -Wno-sign-conversion -I/Users/lipa/fractalstream/external/llvm-proj/CMakeFiles/CMakeTmp/Debug/include -I/Users/lipa/fractalstream/external/llvm-proj/CMakeFiles/CMakeTmp/CMAKE_TRY_COMPILE.build/Debug/cmTryCompileExec1588470241.build/DerivedSources/x86_64 -I/Users/lipa/fractalstream/external/llvm-proj/CMakeFiles/CMakeTmp/CMAKE_TRY_COMPILE.build/Debug/cmTryCompileExec1588470241.build/DerivedSources -Wmost -Wno-four-char-constants -Wno-unknown-pragmas -F/Users/lipa/fractalstream/external/llvm-proj/CMakeFiles/CMakeTmp/Debug -MMD -MT dependencies -MF /Users/lipa/fractalstream/external/llvm-proj/CMakeFiles/CMakeTmp/CMAKE_TRY_COMPILE.build/Debug/cmTryCompileExec1588470241.build/Objects-normal/x86_64/CheckSymbolExists.d --serialize-diagnostics /Users/lipa/fractalstream/external/llvm-proj/CMakeFiles/CMakeTmp/CMAKE_TRY_COMPILE.build/Debug/cmTryCompileExec1588470241.build/Objects-normal/x86_64/CheckSymbolExists.dia -c /Users/lipa/fractalstream/external/llvm-proj/CMakeFiles/CMakeTmp/CheckSymbolExists.c -o /Users/lipa/fractalstream/external/llvm-proj/CMakeFiles/CMakeTmp/CMAKE_TRY_COMPILE.build/Debug/cmTryCompileExec1588470241.build/Objects-normal/x86_64/CheckSymbolExists.o
/Users/lipa/fractalstream/external/llvm-proj/CMakeFiles/CMakeTmp/CheckSymbolExists.c:8:19: error: use of undeclared identifier '__GLIBC__'
  return ((int*)(&__GLIBC__))[argc];
                  ^
1 error generated.



File /Users/lipa/fractalstream/external/llvm-proj/CMakeFiles/CMakeTmp/CheckSymbolExists.c:
/* */
#include <stdio.h>

int main(int argc, char** argv)
{
  (void)argv;
#ifndef __GLIBC__
  return ((int*)(&__GLIBC__))[argc];
#else
  (void)argc;
  return 0;
#endif
}

Performing C++ SOURCE FILE Test HAVE_ERROR_T failed with the following output:
Change Dir: /Users/lipa/fractalstream/external/llvm-proj/CMakeFiles/CMakeTmp

Run Build Command:/usr/local/bin/cmakexbuild -project CMAKE_TRY_COMPILE.xcodeproj build -target cmTryCompileExec2917858100 -configuration Debug
=== BUILD NATIVE TARGET cmTryCompileExec2917858100 OF PROJECT CMAKE_TRY_COMPILE WITH CONFIGURATION Debug ===
Check dependencies

CompileC CMAKE_TRY_COMPILE.build/Debug/cmTryCompileExec2917858100.build/Objects-normal/x86_64/src.o src.cxx normal x86_64 c++ com.apple.compilers.llvm.clang.1_0.compiler
    cd /Users/lipa/fractalstream/external/llvm-proj/CMakeFiles/CMakeTmp
    /Applications/Xcode.app/Contents/Developer/Toolchains/XcodeDefault.xctoolchain/usr/bin/clang -x c++ -arch x86_64 -fmessage-length=0 -Wno-trigraphs -fpascal-strings -O0 -Wno-missing-field-initializers -Wno-missing-prototypes -Wno-return-type -Wno-non-virtual-dtor -Wno-overloaded-virtual -Wno-exit-time-destructors -Wformat -Wno-missing-braces -Wparentheses -Wswitch -Wno-unused-function -Wno-unused-label -Wno-unused-parameter -Wno-unused-variable -Wunused-value -Wno-uninitialized -Wno-unknown-pragmas -Wno-shadow -Wno-four-char-constants -Wno-sign-compare -Wno-shorten-64-to-32 -Wno-newline-eof -Wc++11-extensions "-DCMAKE_INTDIR=\"Debug\"" -isysr** BUILD FAILED **


The following build commands failed:
oot /Applications/Xcode.app/Contents/Developer/Platforms/MacOSX.platform/Developer/SDKs/MacOSX10.7.sdk -fasm-blocks -Wdeprecated-declarations -Winvalid-offsetof -mmacosx-version-min=10.7 -Wno-conversion -Wno-sign-conversion -I/Users/lipa/fractalstream/external/llvm-proj/CMakeFiles/CMakeTmp/Debug/include -I/Users/lipa/fractalstream/external/llvm-proj/CMakeFiles/CMakeTmp/CMAKE_TRY_COMPILE.build/Debug/cmTryCompileExec2917858100.build/DerivedSources/x86_64 -I/Users/lipa/fractalstream/external/llvm-proj/CMakeFiles/CMakeTmp/CMAKE_TRY_COMPILE.build/Debug/cmTryCompileExec2917858100.build/DerivedSources -Wmost -Wno-four-char-constants -Wno-unknown-pragmas -F/Users/lipa/fractalstream/external/llvm-proj/CMakeFiles/CMakeTmp/Debug -DHAVE_ERROR_T -g -MMD -MT dependencies -MF /Users/lipa/fractalstream/external/llvm-proj/CMakeFiles/CMakeTmp/CMAKE_TRY_COMPILE.build/Debug/cmTryCompileExec2917858100.build/Objects-normal/x86_64/src.d --serialize-diagnostics /Users/lipa/fractalstream/external/llvm-proj/CMakeFiles/CMakeTmp/CMAKE_T	CompileC CMAKE_TRY_COMPILE.build/Debug/cmTryCompileExec2917858100.build/Objects-normal/x86_64/src.o src.cxx normal x86_64 c++ com.apple.compilers.llvm.clang.1_0.compiler
(1 failure)
RY_COMPILE.build/Debug/cmTryCompileExec2917858100.build/Objects-normal/x86_64/src.dia -c /Users/lipa/fractalstream/external/llvm-proj/CMakeFiles/CMakeTmp/src.cxx -o /Users/lipa/fractalstream/external/llvm-proj/CMakeFiles/CMakeTmp/CMAKE_TRY_COMPILE.build/Debug/cmTryCompileExec2917858100.build/Objects-normal/x86_64/src.o
/Users/lipa/fractalstream/external/llvm-proj/CMakeFiles/CMakeTmp/src.cxx:3:2: error: unknown type name 'error_t'
 error_t typeVar;
 ^
1 error generated.



Source file was:

    #include<errno.h>
 error_t typeVar;
    int main() {
        return 0;
    }
    
Performing C++ SOURCE FILE Test SUPPORTS_COVERED_SWITCH_DEFAULT_FLAG failed with the following output:
Change Dir: /Users/lipa/fractalstream/external/llvm-proj/CMakeFiles/CMakeTmp

Run Build Command:/usr/local/bin/cmakexbuild -project CMAKE_TRY_COMPILE.xcodeproj build -target cmTryCompileExec3037558064 -configuration Debug
=== BUILD NATIVE TARGET cmTryCompileExec3037558064 OF PROJECT CMAKE_TRY_COMPILE WITH CONFIGURATION Debug ===
Check dependencies

CompileC CMAKE_TRY_COMPILE.build/Debug/cmTryCompileExec3037558064.build/Objects-normal/x86_64/src.o src.cxx normal x86_64 c++ com.apple.compilers.llvm.clang.1_0.compiler
    cd /Users/lipa/fractalstream/external/llvm-proj/CMakeFiles/CMakeTmp
    /Applications/Xcode.app/Contents/Developer/Toolchains/XcodeDefault.xctoolchain/usr/bin/clang -x c++ -arch x86_64 -fmessage-length=0 -Wno-trigraphs -fpascal-strings -O0 -Wno-missing-field-initializers -Wno-missing-prototypes -Wno-return-type -Wno-non-virtual-dtor -Wno-overloaded-virtual -Wno-exit-time-destructors -Wformat -Wno-missing-braces -Wparentheses -Wswitch -Wno-unused-function -Wno-unused-label -Wno-unused-parameter -Wno-unused-variable -Wunused-value -Wno-uninitialized -Wno-unknown-pragmas -Wno-shadow -Wno-four-char-constants -Wno-sign-compare -Wno-shorten-64-to-32 -Wno-newline-eof -Wc++11-extensions "-DCMAKE_INTDIR=\"Debug\"" -isysr2012-07-01 17:00:03.585 xcodebuild[24182:3603]  DVTAssertions: Warning in /SourceCache/IDEXcode3ProjectSupport/IDEXcode3ProjectSupport-1198/Xcode3Sources/XcodeIDE/Frameworks/DevToolsBase/pbxcore/Target.subproj/BuildCommandResultsPostprocessing/XCClangResultsPostprocessor.m:92
Details:  Unable to read diagnostics from file "src.dia" (Invalid File): Bad header in diagnostics file
Object:   <XCClangResultsPostprocessor: 0x400754800>
Method:   -postprocessResultsForCommandInvocation:
Thread:   <NSThread: 0x4007474c0>{name = (null), num = 4}
Please file a bug at http://bugreport.apple.com with this warning message and any useful information you can provide.
oot /Applications/Xcode.app/Contents/Developer/Platforms/MacOSX.platform/Developer/SDKs/MacOSX10.7.sdk -fasm-blocks -Wdeprecated-declarations -Winvalid-offsetof -mmacosx-version-min=10.7 -Wno-conversion -Wno-sign-conversion -I/Users/lipa/fractalstream/external/llvm-proj/CMakeFiles/CMakeTmp/Debug/include -I/Users/lipa/fractalstream/external/llvm-proj/CMakeFiles/CMakeTmp/CMAKE_TRY_COMPILE.build/Debug/cmTryCompileExec3037558064.build/DerivedSources/x86_64 -I/Users/lipa/fractalstream/external/llvm-proj/CMakeFiles/CMakeTmp/CMAKE_TRY_COMPILE.build/Debug/cmTryCompileExec3037558064.build/DerivedSources -Wmost -Wno-four-char-constants -Wno-unknown-pragmas -F/Users/lipa/fractalstream/external/llvm-proj/CMakeFiles/CMakeTmp/Debug -DSUPPORTS_COVERED_SWITCH_DEFAULT_FLAG -g -Werror -Wcovered-switch-default -MMD -MT dependencies -MF /Users/lipa/fractalstream/external/llvm-proj/CMakeFiles/CMakeTmp/CMAKE_TRY_COMPILE.build/Debug/cmTryCompileExec3037558064.build/Objects-normal/x86_64/src.d --serialize-diagnostics /Users/lipa/fractalstream/external/llvm-proj/CMakeFiles/CMakeTmp/CMAKE_TRY_COMPILE.build/Debug/cmTryCompileExec3037558064.build/Objects-normal/x86_64/src.dia -c /Users/lipa/fractalstream/external/llvm-proj/CMakeFiles/CMakeTmp/src.cxx -o /Users/lipa/fractalstream/external/llvm-proj/CMakeFiles/CMakeTmp/CMAKE_TRY_COMPILE.build/Debug/cmTryCompileExec3037558064.build/Objects-normal/x86_64/src.o
error: unknown warning option '-Wcovered-switch-default' [-Werror,-Wunknown-warning-option]
Command /Applications/Xcode.app/Contents/Developer/Toolchains/XcodeDefault.xctoolchain/usr/bin/clang failed with exit code 1


** BUILD FAILED **


The following build commands failed:
	CompileC CMAKE_TRY_COMPILE.build/Debug/cmTryCompileExec3037558064.build/Objects-normal/x86_64/src.o src.cxx normal x86_64 c++ com.apple.compilers.llvm.clang.1_0.compiler
(1 failure)

Source file was:
int main() { return 0;}
